{"C:\\Users\\manuel.rodriguez_pra\\Documents\\Proyectos Node\\Assessment\\videogame-tournament-back\\src\\CreateTicketSale.ts": {"path":"C:\\Users\\manuel.rodriguez_pra\\Documents\\Proyectos Node\\Assessment\\videogame-tournament-back\\src\\CreateTicketSale.ts","statementMap":{"0":{"start":{"line":2,"column":0},"end":{"line":2,"column":89}},"1":{"start":{"line":3,"column":0},"end":{"line":3,"column":98}},"2":{"start":{"line":6,"column":23},"end":{"line":30,"column":1}},"3":{"start":{"line":7,"column":2},"end":{"line":29,"column":3}},"4":{"start":{"line":8,"column":4},"end":{"line":8,"column":58}},"5":{"start":{"line":13,"column":20},"end":{"line":13,"column":43}},"6":{"start":{"line":14,"column":33},"end":{"line":14,"column":63}},"7":{"start":{"line":15,"column":36},"end":{"line":15,"column":85}},"8":{"start":{"line":17,"column":4},"end":{"line":17,"column":51}},"9":{"start":{"line":19,"column":4},"end":{"line":22,"column":6}},"10":{"start":{"line":24,"column":4},"end":{"line":24,"column":25}},"11":{"start":{"line":25,"column":4},"end":{"line":28,"column":6}},"12":{"start":{"line":6,"column":13},"end":{"line":6,"column":23}}},"fnMap":{"0":{"name":"(anonymous_0)","decl":{"start":{"line":6,"column":23},"end":{"line":6,"column":28}},"loc":{"start":{"line":6,"column":93},"end":{"line":30,"column":1}}}},"branchMap":{},"s":{"0":1,"1":1,"2":1,"3":2,"4":2,"5":2,"6":2,"7":2,"8":2,"9":1,"10":1,"11":1,"12":1},"f":{"0":2},"b":{}}
,"C:\\Users\\manuel.rodriguez_pra\\Documents\\Proyectos Node\\Assessment\\videogame-tournament-back\\src\\CreateTournament.ts": {"path":"C:\\Users\\manuel.rodriguez_pra\\Documents\\Proyectos Node\\Assessment\\videogame-tournament-back\\src\\CreateTournament.ts","statementMap":{"0":{"start":{"line":2,"column":0},"end":{"line":2,"column":89}},"1":{"start":{"line":3,"column":0},"end":{"line":3,"column":98}},"2":{"start":{"line":6,"column":23},"end":{"line":26,"column":1}},"3":{"start":{"line":7,"column":2},"end":{"line":25,"column":3}},"4":{"start":{"line":8,"column":4},"end":{"line":8,"column":57}},"5":{"start":{"line":9,"column":20},"end":{"line":9,"column":43}},"6":{"start":{"line":10,"column":33},"end":{"line":10,"column":63}},"7":{"start":{"line":11,"column":36},"end":{"line":11,"column":85}},"8":{"start":{"line":13,"column":4},"end":{"line":13,"column":51}},"9":{"start":{"line":15,"column":4},"end":{"line":18,"column":6}},"10":{"start":{"line":20,"column":4},"end":{"line":20,"column":25}},"11":{"start":{"line":21,"column":4},"end":{"line":24,"column":6}},"12":{"start":{"line":6,"column":13},"end":{"line":6,"column":23}}},"fnMap":{"0":{"name":"(anonymous_0)","decl":{"start":{"line":6,"column":23},"end":{"line":6,"column":28}},"loc":{"start":{"line":6,"column":93},"end":{"line":26,"column":1}}}},"branchMap":{},"s":{"0":1,"1":1,"2":1,"3":2,"4":2,"5":2,"6":2,"7":2,"8":2,"9":1,"10":1,"11":1,"12":1},"f":{"0":2},"b":{}}
,"C:\\Users\\manuel.rodriguez_pra\\Documents\\Proyectos Node\\Assessment\\videogame-tournament-back\\src\\GenerateTournamentEntries.ts": {"path":"C:\\Users\\manuel.rodriguez_pra\\Documents\\Proyectos Node\\Assessment\\videogame-tournament-back\\src\\GenerateTournamentEntries.ts","statementMap":{"0":{"start":{"line":2,"column":0},"end":{"line":2,"column":107}},"1":{"start":{"line":3,"column":0},"end":{"line":3,"column":108}},"2":{"start":{"line":4,"column":0},"end":{"line":4,"column":70}},"3":{"start":{"line":7,"column":23},"end":{"line":32,"column":1}},"4":{"start":{"line":8,"column":2},"end":{"line":31,"column":3}},"5":{"start":{"line":9,"column":4},"end":{"line":9,"column":67}},"6":{"start":{"line":14,"column":20},"end":{"line":14,"column":43}},"7":{"start":{"line":15,"column":38},"end":{"line":15,"column":73}},"8":{"start":{"line":16,"column":25},"end":{"line":16,"column":43}},"9":{"start":{"line":17,"column":45},"end":{"line":17,"column":121}},"10":{"start":{"line":19,"column":4},"end":{"line":19,"column":60}},"11":{"start":{"line":21,"column":4},"end":{"line":24,"column":6}},"12":{"start":{"line":26,"column":4},"end":{"line":26,"column":25}},"13":{"start":{"line":27,"column":4},"end":{"line":30,"column":6}},"14":{"start":{"line":7,"column":13},"end":{"line":7,"column":23}}},"fnMap":{"0":{"name":"(anonymous_0)","decl":{"start":{"line":7,"column":23},"end":{"line":7,"column":28}},"loc":{"start":{"line":7,"column":93},"end":{"line":32,"column":1}}}},"branchMap":{},"s":{"0":1,"1":1,"2":1,"3":1,"4":2,"5":2,"6":2,"7":2,"8":2,"9":2,"10":2,"11":1,"12":1,"13":1,"14":1},"f":{"0":2},"b":{}}
,"C:\\Users\\manuel.rodriguez_pra\\Documents\\Proyectos Node\\Assessment\\videogame-tournament-back\\src\\GetTournamentById.ts": {"path":"C:\\Users\\manuel.rodriguez_pra\\Documents\\Proyectos Node\\Assessment\\videogame-tournament-back\\src\\GetTournamentById.ts","statementMap":{"0":{"start":{"line":2,"column":0},"end":{"line":2,"column":91}},"1":{"start":{"line":3,"column":0},"end":{"line":3,"column":98}},"2":{"start":{"line":6,"column":23},"end":{"line":43,"column":1}},"3":{"start":{"line":7,"column":2},"end":{"line":42,"column":3}},"4":{"start":{"line":8,"column":4},"end":{"line":8,"column":62}},"5":{"start":{"line":13,"column":28},"end":{"line":13,"column":61}},"6":{"start":{"line":14,"column":4},"end":{"line":19,"column":5}},"7":{"start":{"line":15,"column":6},"end":{"line":18,"column":8}},"8":{"start":{"line":21,"column":33},"end":{"line":21,"column":63}},"9":{"start":{"line":22,"column":37},"end":{"line":22,"column":87}},"10":{"start":{"line":24,"column":23},"end":{"line":24,"column":75}},"11":{"start":{"line":25,"column":4},"end":{"line":30,"column":5}},"12":{"start":{"line":26,"column":6},"end":{"line":29,"column":8}},"13":{"start":{"line":32,"column":4},"end":{"line":35,"column":6}},"14":{"start":{"line":37,"column":4},"end":{"line":37,"column":25}},"15":{"start":{"line":38,"column":4},"end":{"line":41,"column":6}},"16":{"start":{"line":6,"column":13},"end":{"line":6,"column":23}}},"fnMap":{"0":{"name":"(anonymous_0)","decl":{"start":{"line":6,"column":23},"end":{"line":6,"column":28}},"loc":{"start":{"line":6,"column":93},"end":{"line":43,"column":1}}}},"branchMap":{"0":{"loc":{"start":{"line":13,"column":28},"end":{"line":13,"column":61}},"type":"binary-expr","locations":[{"start":{"line":13,"column":28},"end":{"line":13,"column":55}},{"start":{"line":13,"column":59},"end":{"line":13,"column":61}}]},"1":{"loc":{"start":{"line":14,"column":4},"end":{"line":19,"column":5}},"type":"if","locations":[{"start":{"line":14,"column":4},"end":{"line":19,"column":5}}]},"2":{"loc":{"start":{"line":25,"column":4},"end":{"line":30,"column":5}},"type":"if","locations":[{"start":{"line":25,"column":4},"end":{"line":30,"column":5}}]}},"s":{"0":1,"1":1,"2":1,"3":4,"4":4,"5":4,"6":4,"7":1,"8":3,"9":3,"10":3,"11":2,"12":1,"13":1,"14":1,"15":1,"16":1},"f":{"0":4},"b":{"0":[4,0],"1":[1],"2":[1]}}
,"C:\\Users\\manuel.rodriguez_pra\\Documents\\Proyectos Node\\Assessment\\videogame-tournament-back\\src\\ValidateTournamentEntry.ts": {"path":"C:\\Users\\manuel.rodriguez_pra\\Documents\\Proyectos Node\\Assessment\\videogame-tournament-back\\src\\ValidateTournamentEntry.ts","statementMap":{"0":{"start":{"line":2,"column":0},"end":{"line":2,"column":103}},"1":{"start":{"line":3,"column":0},"end":{"line":3,"column":108}},"2":{"start":{"line":6,"column":23},"end":{"line":37,"column":1}},"3":{"start":{"line":7,"column":2},"end":{"line":36,"column":3}},"4":{"start":{"line":8,"column":4},"end":{"line":8,"column":65}},"5":{"start":{"line":13,"column":19},"end":{"line":13,"column":52}},"6":{"start":{"line":14,"column":4},"end":{"line":19,"column":5}},"7":{"start":{"line":15,"column":6},"end":{"line":18,"column":8}},"8":{"start":{"line":21,"column":38},"end":{"line":21,"column":73}},"9":{"start":{"line":22,"column":43},"end":{"line":22,"column":104}},"10":{"start":{"line":24,"column":20},"end":{"line":24,"column":70}},"11":{"start":{"line":26,"column":4},"end":{"line":29,"column":6}},"12":{"start":{"line":31,"column":4},"end":{"line":31,"column":25}},"13":{"start":{"line":32,"column":4},"end":{"line":35,"column":6}},"14":{"start":{"line":6,"column":13},"end":{"line":6,"column":23}}},"fnMap":{"0":{"name":"(anonymous_0)","decl":{"start":{"line":6,"column":23},"end":{"line":6,"column":28}},"loc":{"start":{"line":6,"column":93},"end":{"line":37,"column":1}}}},"branchMap":{"0":{"loc":{"start":{"line":13,"column":19},"end":{"line":13,"column":52}},"type":"binary-expr","locations":[{"start":{"line":13,"column":19},"end":{"line":13,"column":46}},{"start":{"line":13,"column":50},"end":{"line":13,"column":52}}]},"1":{"loc":{"start":{"line":14,"column":4},"end":{"line":19,"column":5}},"type":"if","locations":[{"start":{"line":14,"column":4},"end":{"line":19,"column":5}}]}},"s":{"0":1,"1":1,"2":1,"3":4,"4":4,"5":4,"6":4,"7":1,"8":3,"9":3,"10":3,"11":2,"12":1,"13":1,"14":1},"f":{"0":4},"b":{"0":[4,0],"1":[1]}}
,"C:\\Users\\manuel.rodriguez_pra\\Documents\\Proyectos Node\\Assessment\\videogame-tournament-back\\src\\application\\useCases\\CreateTicketSaleUseCase.ts": {"path":"C:\\Users\\manuel.rodriguez_pra\\Documents\\Proyectos Node\\Assessment\\videogame-tournament-back\\src\\application\\useCases\\CreateTicketSaleUseCase.ts","statementMap":{"0":{"start":{"line":1,"column":0},"end":{"line":1,"column":62}},"1":{"start":{"line":3,"column":0},"end":{"line":3,"column":36}},"2":{"start":{"line":6,"column":31},"end":{"line":6,"column":73}},"3":{"start":{"line":9,"column":74},"end":{"line":9,"column":81}},"4":{"start":{"line":11,"column":23},"end":{"line":19,"column":null}},"5":{"start":{"line":22,"column":4},"end":{"line":22,"column":55}},"6":{"start":{"line":27,"column":4},"end":{"line":27,"column":20}},"7":{"start":{"line":5,"column":0},"end":{"line":5,"column":13}}},"fnMap":{"0":{"name":"(anonymous_0)","decl":{"start":{"line":6,"column":2},"end":{"line":6,"column":31}},"loc":{"start":{"line":6,"column":73},"end":{"line":6,"column":77}}},"1":{"name":"(anonymous_1)","decl":{"start":{"line":8,"column":2},"end":{"line":8,"column":7}},"loc":{"start":{"line":8,"column":48},"end":{"line":23,"column":3}}},"2":{"name":"(anonymous_2)","decl":{"start":{"line":25,"column":10},"end":{"line":25,"column":28}},"loc":{"start":{"line":25,"column":28},"end":{"line":28,"column":3}}}},"branchMap":{},"s":{"0":2,"1":2,"2":3,"3":3,"4":3,"5":3,"6":3,"7":2},"f":{"0":3,"1":3,"2":3},"b":{}}
,"C:\\Users\\manuel.rodriguez_pra\\Documents\\Proyectos Node\\Assessment\\videogame-tournament-back\\src\\application\\useCases\\CreateTournamentUseCase.ts": {"path":"C:\\Users\\manuel.rodriguez_pra\\Documents\\Proyectos Node\\Assessment\\videogame-tournament-back\\src\\application\\useCases\\CreateTournamentUseCase.ts","statementMap":{"0":{"start":{"line":1,"column":0},"end":{"line":1,"column":62}},"1":{"start":{"line":3,"column":0},"end":{"line":3,"column":83}},"2":{"start":{"line":6,"column":31},"end":{"line":6,"column":73}},"3":{"start":{"line":9,"column":45},"end":{"line":9,"column":52}},"4":{"start":{"line":11,"column":28},"end":{"line":11,"column":79}},"5":{"start":{"line":12,"column":4},"end":{"line":14,"column":5}},"6":{"start":{"line":13,"column":6},"end":{"line":13,"column":81}},"7":{"start":{"line":15,"column":36},"end":{"line":15,"column":122}},"8":{"start":{"line":16,"column":4},"end":{"line":18,"column":5}},"9":{"start":{"line":17,"column":6},"end":{"line":17,"column":111}},"10":{"start":{"line":19,"column":23},"end":{"line":29,"column":null}},"11":{"start":{"line":32,"column":4},"end":{"line":32,"column":55}},"12":{"start":{"line":5,"column":0},"end":{"line":5,"column":13}}},"fnMap":{"0":{"name":"(anonymous_0)","decl":{"start":{"line":6,"column":2},"end":{"line":6,"column":31}},"loc":{"start":{"line":6,"column":73},"end":{"line":6,"column":77}}},"1":{"name":"(anonymous_1)","decl":{"start":{"line":8,"column":2},"end":{"line":8,"column":7}},"loc":{"start":{"line":8,"column":48},"end":{"line":33,"column":3}}}},"branchMap":{"0":{"loc":{"start":{"line":12,"column":4},"end":{"line":14,"column":5}},"type":"if","locations":[{"start":{"line":12,"column":4},"end":{"line":14,"column":5}}]},"1":{"loc":{"start":{"line":16,"column":4},"end":{"line":18,"column":5}},"type":"if","locations":[{"start":{"line":16,"column":4},"end":{"line":18,"column":5}}]}},"s":{"0":2,"1":2,"2":3,"3":3,"4":3,"5":3,"6":1,"7":2,"8":2,"9":2,"10":0,"11":0,"12":2},"f":{"0":3,"1":3},"b":{"0":[1],"1":[2]}}
,"C:\\Users\\manuel.rodriguez_pra\\Documents\\Proyectos Node\\Assessment\\videogame-tournament-back\\src\\application\\useCases\\GenerateTournamentEntriesUseCase.ts": {"path":"C:\\Users\\manuel.rodriguez_pra\\Documents\\Proyectos Node\\Assessment\\videogame-tournament-back\\src\\application\\useCases\\GenerateTournamentEntriesUseCase.ts","statementMap":{"0":{"start":{"line":2,"column":0},"end":{"line":2,"column":72}},"1":{"start":{"line":4,"column":0},"end":{"line":4,"column":36}},"2":{"start":{"line":20,"column":31},"end":{"line":20,"column":83}},"3":{"start":{"line":21,"column":21},"end":{"line":21,"column":47}},"4":{"start":{"line":25,"column":43},"end":{"line":25,"column":50}},"5":{"start":{"line":26,"column":4},"end":{"line":26,"column":null}},"6":{"start":{"line":27,"column":4},"end":{"line":27,"column":71}},"7":{"start":{"line":28,"column":4},"end":{"line":42,"column":5}},"8":{"start":{"line":29,"column":19},"end":{"line":29,"column":44}},"9":{"start":{"line":30,"column":6},"end":{"line":30,"column":69}},"10":{"start":{"line":31,"column":20},"end":{"line":37,"column":null}},"11":{"start":{"line":39,"column":6},"end":{"line":39,"column":45}},"12":{"start":{"line":40,"column":6},"end":{"line":40,"column":57}},"13":{"start":{"line":47,"column":4},"end":{"line":47,"column":20}},"14":{"start":{"line":51,"column":42},"end":{"line":66,"column":6}},"15":{"start":{"line":68,"column":4},"end":{"line":68,"column":46}},"16":{"start":{"line":19,"column":0},"end":{"line":19,"column":13}}},"fnMap":{"0":{"name":"(anonymous_0)","decl":{"start":{"line":20,"column":2},"end":{"line":20,"column":31}},"loc":{"start":{"line":21,"column":47},"end":{"line":22,"column":6}}},"1":{"name":"(anonymous_1)","decl":{"start":{"line":24,"column":2},"end":{"line":24,"column":7}},"loc":{"start":{"line":24,"column":57},"end":{"line":43,"column":3}}},"2":{"name":"(anonymous_2)","decl":{"start":{"line":45,"column":10},"end":{"line":45,"column":28}},"loc":{"start":{"line":45,"column":28},"end":{"line":48,"column":3}}},"3":{"name":"(anonymous_3)","decl":{"start":{"line":50,"column":10},"end":{"line":50,"column":15}},"loc":{"start":{"line":50,"column":62},"end":{"line":69,"column":3}}}},"branchMap":{},"s":{"0":2,"1":2,"2":1,"3":1,"4":1,"5":1,"6":1,"7":1,"8":2,"9":2,"10":2,"11":2,"12":2,"13":2,"14":0,"15":0,"16":2},"f":{"0":1,"1":1,"2":2,"3":0},"b":{}}
,"C:\\Users\\manuel.rodriguez_pra\\Documents\\Proyectos Node\\Assessment\\videogame-tournament-back\\src\\application\\useCases\\GetTournamentByIdUseCase.ts": {"path":"C:\\Users\\manuel.rodriguez_pra\\Documents\\Proyectos Node\\Assessment\\videogame-tournament-back\\src\\application\\useCases\\GetTournamentByIdUseCase.ts","statementMap":{"0":{"start":{"line":5,"column":33},"end":{"line":5,"column":75}},"1":{"start":{"line":8,"column":6},"end":{"line":8,"column":51}},"2":{"start":{"line":4,"column":0},"end":{"line":4,"column":13}}},"fnMap":{"0":{"name":"(anonymous_0)","decl":{"start":{"line":5,"column":4},"end":{"line":5,"column":33}},"loc":{"start":{"line":5,"column":75},"end":{"line":5,"column":79}}},"1":{"name":"(anonymous_1)","decl":{"start":{"line":7,"column":4},"end":{"line":7,"column":9}},"loc":{"start":{"line":7,"column":28},"end":{"line":9,"column":5}}}},"branchMap":{},"s":{"0":2,"1":2,"2":2},"f":{"0":2,"1":2},"b":{}}
,"C:\\Users\\manuel.rodriguez_pra\\Documents\\Proyectos Node\\Assessment\\videogame-tournament-back\\src\\application\\useCases\\ValidateTournamentEntryUseCase.ts": {"path":"C:\\Users\\manuel.rodriguez_pra\\Documents\\Proyectos Node\\Assessment\\videogame-tournament-back\\src\\application\\useCases\\ValidateTournamentEntryUseCase.ts","statementMap":{"0":{"start":{"line":5,"column":31},"end":{"line":5,"column":83}},"1":{"start":{"line":8,"column":18},"end":{"line":8,"column":70}},"2":{"start":{"line":10,"column":4},"end":{"line":12,"column":5}},"3":{"start":{"line":11,"column":6},"end":{"line":11,"column":19}},"4":{"start":{"line":14,"column":4},"end":{"line":14,"column":58}},"5":{"start":{"line":15,"column":4},"end":{"line":15,"column":16}},"6":{"start":{"line":4,"column":0},"end":{"line":4,"column":13}}},"fnMap":{"0":{"name":"(anonymous_0)","decl":{"start":{"line":5,"column":2},"end":{"line":5,"column":31}},"loc":{"start":{"line":5,"column":83},"end":{"line":5,"column":87}}},"1":{"name":"(anonymous_1)","decl":{"start":{"line":7,"column":2},"end":{"line":7,"column":7}},"loc":{"start":{"line":7,"column":28},"end":{"line":16,"column":3}}}},"branchMap":{"0":{"loc":{"start":{"line":10,"column":4},"end":{"line":12,"column":5}},"type":"if","locations":[{"start":{"line":10,"column":4},"end":{"line":12,"column":5}}]},"1":{"loc":{"start":{"line":10,"column":8},"end":{"line":10,"column":28}},"type":"binary-expr","locations":[{"start":{"line":10,"column":8},"end":{"line":10,"column":14}},{"start":{"line":10,"column":18},"end":{"line":10,"column":28}}]}},"s":{"0":3,"1":3,"2":3,"3":2,"4":1,"5":1,"6":2},"f":{"0":3,"1":3},"b":{"0":[2],"1":[3,2]}}
,"C:\\Users\\manuel.rodriguez_pra\\Documents\\Proyectos Node\\Assessment\\videogame-tournament-back\\src\\domain\\entities\\TicketSale.ts": {"path":"C:\\Users\\manuel.rodriguez_pra\\Documents\\Proyectos Node\\Assessment\\videogame-tournament-back\\src\\domain\\entities\\TicketSale.ts","statementMap":{"0":{"start":{"line":3,"column":22},"end":{"line":3,"column":32}},"1":{"start":{"line":4,"column":22},"end":{"line":4,"column":42}},"2":{"start":{"line":5,"column":22},"end":{"line":5,"column":43}},"3":{"start":{"line":6,"column":22},"end":{"line":6,"column":35}},"4":{"start":{"line":7,"column":22},"end":{"line":7,"column":40}},"5":{"start":{"line":8,"column":22},"end":{"line":8,"column":34}},"6":{"start":{"line":9,"column":22},"end":{"line":9,"column":39}},"7":{"start":{"line":10,"column":22},"end":{"line":10,"column":37}},"8":{"start":{"line":1,"column":0},"end":{"line":1,"column":13}}},"fnMap":{"0":{"name":"(anonymous_0)","decl":{"start":{"line":2,"column":4},"end":{"line":2,"column":null}},"loc":{"start":{"line":10,"column":37},"end":{"line":11,"column":8}}}},"branchMap":{},"s":{"0":3,"1":3,"2":3,"3":3,"4":3,"5":3,"6":3,"7":3,"8":2},"f":{"0":3},"b":{}}
,"C:\\Users\\manuel.rodriguez_pra\\Documents\\Proyectos Node\\Assessment\\videogame-tournament-back\\src\\domain\\entities\\Tournament.ts": {"path":"C:\\Users\\manuel.rodriguez_pra\\Documents\\Proyectos Node\\Assessment\\videogame-tournament-back\\src\\domain\\entities\\Tournament.ts","statementMap":{"0":{"start":{"line":3,"column":20},"end":{"line":3,"column":30}},"1":{"start":{"line":4,"column":20},"end":{"line":4,"column":32}},"2":{"start":{"line":5,"column":20},"end":{"line":5,"column":36}},"3":{"start":{"line":6,"column":20},"end":{"line":6,"column":32}},"4":{"start":{"line":7,"column":20},"end":{"line":7,"column":38}},"5":{"start":{"line":8,"column":20},"end":{"line":8,"column":39}},"6":{"start":{"line":9,"column":20},"end":{"line":9,"column":42}},"7":{"start":{"line":10,"column":20},"end":{"line":10,"column":38}},"8":{"start":{"line":11,"column":20},"end":{"line":11,"column":34}},"9":{"start":{"line":12,"column":20},"end":{"line":12,"column":44}},"10":{"start":{"line":1,"column":0},"end":{"line":1,"column":13}}},"fnMap":{"0":{"name":"(anonymous_0)","decl":{"start":{"line":2,"column":2},"end":{"line":2,"column":null}},"loc":{"start":{"line":12,"column":44},"end":{"line":13,"column":8}}}},"branchMap":{},"s":{"0":0,"1":0,"2":0,"3":0,"4":0,"5":0,"6":0,"7":0,"8":0,"9":0,"10":2},"f":{"0":0},"b":{}}
,"C:\\Users\\manuel.rodriguez_pra\\Documents\\Proyectos Node\\Assessment\\videogame-tournament-back\\src\\domain\\entities\\TournamentEntry.ts": {"path":"C:\\Users\\manuel.rodriguez_pra\\Documents\\Proyectos Node\\Assessment\\videogame-tournament-back\\src\\domain\\entities\\TournamentEntry.ts","statementMap":{"0":{"start":{"line":3,"column":22},"end":{"line":3,"column":32}},"1":{"start":{"line":4,"column":22},"end":{"line":4,"column":42}},"2":{"start":{"line":5,"column":22},"end":{"line":5,"column":36}},"3":{"start":{"line":6,"column":22},"end":{"line":6,"column":34}},"4":{"start":{"line":7,"column":22},"end":{"line":7,"column":35}},"5":{"start":{"line":8,"column":22},"end":{"line":8,"column":35}},"6":{"start":{"line":1,"column":0},"end":{"line":1,"column":13}}},"fnMap":{"0":{"name":"(anonymous_0)","decl":{"start":{"line":2,"column":4},"end":{"line":2,"column":null}},"loc":{"start":{"line":8,"column":35},"end":{"line":9,"column":8}}}},"branchMap":{},"s":{"0":2,"1":2,"2":2,"3":2,"4":2,"5":2,"6":2},"f":{"0":2},"b":{}}
,"C:\\Users\\manuel.rodriguez_pra\\Documents\\Proyectos Node\\Assessment\\videogame-tournament-back\\src\\infrastructure\\repositories\\TicketSaleRepositoryImpl.ts": {"path":"C:\\Users\\manuel.rodriguez_pra\\Documents\\Proyectos Node\\Assessment\\videogame-tournament-back\\src\\infrastructure\\repositories\\TicketSaleRepositoryImpl.ts","statementMap":{"0":{"start":{"line":3,"column":0},"end":{"line":3,"column":58}},"1":{"start":{"line":4,"column":0},"end":{"line":4,"column":58}},"2":{"start":{"line":11,"column":22},"end":{"line":11,"column":57}},"3":{"start":{"line":12,"column":4},"end":{"line":14,"column":5}},"4":{"start":{"line":13,"column":6},"end":{"line":13,"column":64}},"5":{"start":{"line":15,"column":4},"end":{"line":15,"column":31}},"6":{"start":{"line":16,"column":27},"end":{"line":16,"column":49}},"7":{"start":{"line":17,"column":4},"end":{"line":17,"column":59}},"8":{"start":{"line":21,"column":19},"end":{"line":24,"column":6}},"9":{"start":{"line":25,"column":4},"end":{"line":25,"column":41}},"10":{"start":{"line":29,"column":19},"end":{"line":36,"column":6}},"11":{"start":{"line":37,"column":19},"end":{"line":37,"column":57}},"12":{"start":{"line":38,"column":4},"end":{"line":38,"column":40}},"13":{"start":{"line":6,"column":0},"end":{"line":6,"column":13}}},"fnMap":{"0":{"name":"(anonymous_0)","decl":{"start":{"line":10,"column":2},"end":{"line":10,"column":null}},"loc":{"start":{"line":10,"column":2},"end":{"line":18,"column":3}}},"1":{"name":"(anonymous_1)","decl":{"start":{"line":20,"column":2},"end":{"line":20,"column":7}},"loc":{"start":{"line":20,"column":37},"end":{"line":26,"column":3}}},"2":{"name":"(anonymous_2)","decl":{"start":{"line":28,"column":2},"end":{"line":28,"column":7}},"loc":{"start":{"line":28,"column":46},"end":{"line":39,"column":3}}}},"branchMap":{"0":{"loc":{"start":{"line":12,"column":4},"end":{"line":14,"column":5}},"type":"if","locations":[{"start":{"line":12,"column":4},"end":{"line":14,"column":5}}]}},"s":{"0":2,"1":2,"2":2,"3":2,"4":0,"5":2,"6":2,"7":2,"8":1,"9":1,"10":1,"11":1,"12":1,"13":2},"f":{"0":2,"1":1,"2":1},"b":{"0":[0]}}
,"C:\\Users\\manuel.rodriguez_pra\\Documents\\Proyectos Node\\Assessment\\videogame-tournament-back\\src\\infrastructure\\repositories\\TournamentEntryRepositoryImpl.ts": {"path":"C:\\Users\\manuel.rodriguez_pra\\Documents\\Proyectos Node\\Assessment\\videogame-tournament-back\\src\\infrastructure\\repositories\\TournamentEntryRepositoryImpl.ts","statementMap":{"0":{"start":{"line":3,"column":0},"end":{"line":3,"column":57}},"1":{"start":{"line":4,"column":0},"end":{"line":4,"column":58}},"2":{"start":{"line":10,"column":24},"end":{"line":10,"column":50}},"3":{"start":{"line":11,"column":6},"end":{"line":13,"column":7}},"4":{"start":{"line":12,"column":8},"end":{"line":12,"column":57}},"5":{"start":{"line":14,"column":6},"end":{"line":14,"column":33}},"6":{"start":{"line":15,"column":29},"end":{"line":15,"column":51}},"7":{"start":{"line":16,"column":6},"end":{"line":16,"column":61}},"8":{"start":{"line":20,"column":19},"end":{"line":23,"column":6}},"9":{"start":{"line":24,"column":4},"end":{"line":24,"column":45}},"10":{"start":{"line":25,"column":4},"end":{"line":25,"column":41}},"11":{"start":{"line":29,"column":19},"end":{"line":32,"column":6}},"12":{"start":{"line":33,"column":4},"end":{"line":33,"column":46}},"13":{"start":{"line":34,"column":19},"end":{"line":34,"column":55}},"14":{"start":{"line":35,"column":4},"end":{"line":35,"column":42}},"15":{"start":{"line":39,"column":19},"end":{"line":44,"column":6}},"16":{"start":{"line":45,"column":4},"end":{"line":45,"column":47}},"17":{"start":{"line":46,"column":4},"end":{"line":46,"column":44}},"18":{"start":{"line":6,"column":0},"end":{"line":6,"column":13}}},"fnMap":{"0":{"name":"(anonymous_0)","decl":{"start":{"line":9,"column":4},"end":{"line":9,"column":null}},"loc":{"start":{"line":9,"column":4},"end":{"line":17,"column":5}}},"1":{"name":"(anonymous_1)","decl":{"start":{"line":19,"column":2},"end":{"line":19,"column":7}},"loc":{"start":{"line":19,"column":37},"end":{"line":26,"column":3}}},"2":{"name":"(anonymous_2)","decl":{"start":{"line":28,"column":2},"end":{"line":28,"column":7}},"loc":{"start":{"line":28,"column":30},"end":{"line":36,"column":3}}},"3":{"name":"(anonymous_3)","decl":{"start":{"line":38,"column":2},"end":{"line":38,"column":7}},"loc":{"start":{"line":38,"column":31},"end":{"line":47,"column":3}}}},"branchMap":{"0":{"loc":{"start":{"line":11,"column":6},"end":{"line":13,"column":7}},"type":"if","locations":[{"start":{"line":11,"column":6},"end":{"line":13,"column":7}}]}},"s":{"0":3,"1":3,"2":3,"3":3,"4":0,"5":3,"6":3,"7":3,"8":1,"9":1,"10":1,"11":1,"12":1,"13":1,"14":1,"15":1,"16":1,"17":1,"18":3},"f":{"0":3,"1":1,"2":1,"3":1},"b":{"0":[0]}}
,"C:\\Users\\manuel.rodriguez_pra\\Documents\\Proyectos Node\\Assessment\\videogame-tournament-back\\src\\infrastructure\\repositories\\TournamentRepositoryImpl.ts": {"path":"C:\\Users\\manuel.rodriguez_pra\\Documents\\Proyectos Node\\Assessment\\videogame-tournament-back\\src\\infrastructure\\repositories\\TournamentRepositoryImpl.ts","statementMap":{"0":{"start":{"line":3,"column":0},"end":{"line":3,"column":57}},"1":{"start":{"line":4,"column":0},"end":{"line":4,"column":58}},"2":{"start":{"line":10,"column":22},"end":{"line":10,"column":48}},"3":{"start":{"line":11,"column":4},"end":{"line":13,"column":5}},"4":{"start":{"line":12,"column":6},"end":{"line":12,"column":55}},"5":{"start":{"line":14,"column":4},"end":{"line":14,"column":31}},"6":{"start":{"line":15,"column":27},"end":{"line":15,"column":49}},"7":{"start":{"line":16,"column":4},"end":{"line":16,"column":59}},"8":{"start":{"line":20,"column":19},"end":{"line":23,"column":6}},"9":{"start":{"line":25,"column":4},"end":{"line":25,"column":41}},"10":{"start":{"line":29,"column":19},"end":{"line":32,"column":6}},"11":{"start":{"line":34,"column":19},"end":{"line":34,"column":55}},"12":{"start":{"line":35,"column":4},"end":{"line":35,"column":37}},"13":{"start":{"line":38,"column":18},"end":{"line":43,"column":6}},"14":{"start":{"line":45,"column":19},"end":{"line":45,"column":57}},"15":{"start":{"line":46,"column":4},"end":{"line":46,"column":51}},"16":{"start":{"line":6,"column":0},"end":{"line":6,"column":13}}},"fnMap":{"0":{"name":"(anonymous_0)","decl":{"start":{"line":9,"column":2},"end":{"line":9,"column":null}},"loc":{"start":{"line":9,"column":2},"end":{"line":17,"column":3}}},"1":{"name":"(anonymous_1)","decl":{"start":{"line":19,"column":2},"end":{"line":19,"column":7}},"loc":{"start":{"line":19,"column":37},"end":{"line":26,"column":3}}},"2":{"name":"(anonymous_2)","decl":{"start":{"line":28,"column":2},"end":{"line":28,"column":7}},"loc":{"start":{"line":28,"column":26},"end":{"line":36,"column":3}}},"3":{"name":"(anonymous_3)","decl":{"start":{"line":37,"column":2},"end":{"line":37,"column":7}},"loc":{"start":{"line":37,"column":34},"end":{"line":47,"column":3}}}},"branchMap":{"0":{"loc":{"start":{"line":11,"column":4},"end":{"line":13,"column":5}},"type":"if","locations":[{"start":{"line":11,"column":4},"end":{"line":13,"column":5}}]}},"s":{"0":3,"1":3,"2":3,"3":3,"4":0,"5":3,"6":3,"7":3,"8":1,"9":1,"10":1,"11":1,"12":1,"13":1,"14":1,"15":1,"16":3},"f":{"0":3,"1":1,"2":1,"3":1},"b":{"0":[0]}}
,"C:\\Users\\manuel.rodriguez_pra\\Documents\\Proyectos Node\\Assessment\\videogame-tournament-back\\src\\infrastructure\\services\\DynamoService.ts": {"path":"C:\\Users\\manuel.rodriguez_pra\\Documents\\Proyectos Node\\Assessment\\videogame-tournament-back\\src\\infrastructure\\services\\DynamoService.ts","statementMap":{"0":{"start":{"line":2,"column":0},"end":{"line":2,"column":null}},"1":{"start":{"line":26,"column":4},"end":{"line":26,"column":46}},"2":{"start":{"line":37,"column":4},"end":{"line":39,"column":5}},"3":{"start":{"line":38,"column":6},"end":{"line":38,"column":47}},"4":{"start":{"line":40,"column":4},"end":{"line":42,"column":5}},"5":{"start":{"line":41,"column":6},"end":{"line":41,"column":60}},"6":{"start":{"line":43,"column":4},"end":{"line":45,"column":5}},"7":{"start":{"line":44,"column":6},"end":{"line":44,"column":63}},"8":{"start":{"line":47,"column":20},"end":{"line":47,"column":44}},"9":{"start":{"line":48,"column":4},"end":{"line":48,"column":33}},"10":{"start":{"line":59,"column":4},"end":{"line":61,"column":5}},"11":{"start":{"line":60,"column":6},"end":{"line":60,"column":47}},"12":{"start":{"line":62,"column":4},"end":{"line":64,"column":5}},"13":{"start":{"line":63,"column":6},"end":{"line":63,"column":42}},"14":{"start":{"line":66,"column":20},"end":{"line":66,"column":42}},"15":{"start":{"line":67,"column":4},"end":{"line":67,"column":32}},"16":{"start":{"line":77,"column":4},"end":{"line":79,"column":5}},"17":{"start":{"line":78,"column":6},"end":{"line":78,"column":47}},"18":{"start":{"line":80,"column":4},"end":{"line":82,"column":5}},"19":{"start":{"line":81,"column":6},"end":{"line":81,"column":41}},"20":{"start":{"line":83,"column":4},"end":{"line":85,"column":5}},"21":{"start":{"line":84,"column":6},"end":{"line":84,"column":54}},"22":{"start":{"line":86,"column":4},"end":{"line":88,"column":5}},"23":{"start":{"line":87,"column":6},"end":{"line":87,"column":63}},"24":{"start":{"line":90,"column":20},"end":{"line":90,"column":45}},"25":{"start":{"line":91,"column":4},"end":{"line":91,"column":32}},"26":{"start":{"line":102,"column":4},"end":{"line":104,"column":5}},"27":{"start":{"line":103,"column":6},"end":{"line":103,"column":47}},"28":{"start":{"line":105,"column":4},"end":{"line":107,"column":5}},"29":{"start":{"line":106,"column":6},"end":{"line":106,"column":41}},"30":{"start":{"line":109,"column":20},"end":{"line":109,"column":42}},"31":{"start":{"line":110,"column":4},"end":{"line":110,"column":33}},"32":{"start":{"line":19,"column":0},"end":{"line":19,"column":13}}},"fnMap":{"0":{"name":"(anonymous_0)","decl":{"start":{"line":25,"column":2},"end":{"line":25,"column":14}},"loc":{"start":{"line":25,"column":32},"end":{"line":27,"column":3}}},"1":{"name":"(anonymous_1)","decl":{"start":{"line":35,"column":2},"end":{"line":35,"column":7}},"loc":{"start":{"line":35,"column":39},"end":{"line":49,"column":3}}},"2":{"name":"(anonymous_2)","decl":{"start":{"line":57,"column":2},"end":{"line":57,"column":7}},"loc":{"start":{"line":57,"column":35},"end":{"line":68,"column":3}}},"3":{"name":"(anonymous_3)","decl":{"start":{"line":76,"column":2},"end":{"line":76,"column":7}},"loc":{"start":{"line":76,"column":41},"end":{"line":92,"column":3}}},"4":{"name":"(anonymous_4)","decl":{"start":{"line":100,"column":2},"end":{"line":100,"column":7}},"loc":{"start":{"line":100,"column":35},"end":{"line":111,"column":3}}}},"branchMap":{"0":{"loc":{"start":{"line":37,"column":4},"end":{"line":39,"column":5}},"type":"if","locations":[{"start":{"line":37,"column":4},"end":{"line":39,"column":5}}]},"1":{"loc":{"start":{"line":40,"column":4},"end":{"line":42,"column":5}},"type":"if","locations":[{"start":{"line":40,"column":4},"end":{"line":42,"column":5}}]},"2":{"loc":{"start":{"line":43,"column":4},"end":{"line":45,"column":5}},"type":"if","locations":[{"start":{"line":43,"column":4},"end":{"line":45,"column":5}}]},"3":{"loc":{"start":{"line":59,"column":4},"end":{"line":61,"column":5}},"type":"if","locations":[{"start":{"line":59,"column":4},"end":{"line":61,"column":5}}]},"4":{"loc":{"start":{"line":62,"column":4},"end":{"line":64,"column":5}},"type":"if","locations":[{"start":{"line":62,"column":4},"end":{"line":64,"column":5}}]},"5":{"loc":{"start":{"line":62,"column":8},"end":{"line":62,"column":61}},"type":"binary-expr","locations":[{"start":{"line":62,"column":8},"end":{"line":62,"column":20}},{"start":{"line":62,"column":24},"end":{"line":62,"column":61}}]},"6":{"loc":{"start":{"line":77,"column":4},"end":{"line":79,"column":5}},"type":"if","locations":[{"start":{"line":77,"column":4},"end":{"line":79,"column":5}}]},"7":{"loc":{"start":{"line":80,"column":4},"end":{"line":82,"column":5}},"type":"if","locations":[{"start":{"line":80,"column":4},"end":{"line":82,"column":5}}]},"8":{"loc":{"start":{"line":80,"column":8},"end":{"line":80,"column":59}},"type":"binary-expr","locations":[{"start":{"line":80,"column":8},"end":{"line":80,"column":19}},{"start":{"line":80,"column":23},"end":{"line":80,"column":59}}]},"9":{"loc":{"start":{"line":83,"column":4},"end":{"line":85,"column":5}},"type":"if","locations":[{"start":{"line":83,"column":4},"end":{"line":85,"column":5}}]},"10":{"loc":{"start":{"line":86,"column":4},"end":{"line":88,"column":5}},"type":"if","locations":[{"start":{"line":86,"column":4},"end":{"line":88,"column":5}}]},"11":{"loc":{"start":{"line":102,"column":4},"end":{"line":104,"column":5}},"type":"if","locations":[{"start":{"line":102,"column":4},"end":{"line":104,"column":5}}]},"12":{"loc":{"start":{"line":105,"column":4},"end":{"line":107,"column":5}},"type":"if","locations":[{"start":{"line":105,"column":4},"end":{"line":107,"column":5}}]},"13":{"loc":{"start":{"line":105,"column":8},"end":{"line":105,"column":59}},"type":"binary-expr","locations":[{"start":{"line":105,"column":8},"end":{"line":105,"column":19}},{"start":{"line":105,"column":23},"end":{"line":105,"column":59}}]}},"s":{"0":9,"1":15,"2":4,"3":1,"4":3,"5":1,"6":2,"7":1,"8":1,"9":1,"10":3,"11":1,"12":2,"13":1,"14":1,"15":1,"16":5,"17":1,"18":4,"19":1,"20":3,"21":1,"22":2,"23":1,"24":1,"25":1,"26":3,"27":1,"28":2,"29":1,"30":1,"31":1,"32":9},"f":{"0":15,"1":4,"2":3,"3":5,"4":3},"b":{"0":[1],"1":[1],"2":[1],"3":[1],"4":[1],"5":[2,1],"6":[1],"7":[1],"8":[4,3],"9":[1],"10":[1],"11":[1],"12":[1],"13":[2,1]}}
,"C:\\Users\\manuel.rodriguez_pra\\Documents\\Proyectos Node\\Assessment\\videogame-tournament-back\\src\\infrastructure\\services\\EmailService.ts": {"path":"C:\\Users\\manuel.rodriguez_pra\\Documents\\Proyectos Node\\Assessment\\videogame-tournament-back\\src\\infrastructure\\services\\EmailService.ts","statementMap":{"0":{"start":{"line":2,"column":0},"end":{"line":2,"column":89}},"1":{"start":{"line":8,"column":4},"end":{"line":8,"column":39}},"2":{"start":{"line":12,"column":20},"end":{"line":12,"column":48}},"3":{"start":{"line":13,"column":4},"end":{"line":13,"column":39}},"4":{"start":{"line":4,"column":0},"end":{"line":4,"column":13}}},"fnMap":{"0":{"name":"(anonymous_0)","decl":{"start":{"line":7,"column":2},"end":{"line":7,"column":null}},"loc":{"start":{"line":7,"column":2},"end":{"line":9,"column":3}}},"1":{"name":"(anonymous_1)","decl":{"start":{"line":11,"column":2},"end":{"line":11,"column":7}},"loc":{"start":{"line":11,"column":47},"end":{"line":14,"column":3}}}},"branchMap":{},"s":{"0":2,"1":1,"2":1,"3":1,"4":2},"f":{"0":1,"1":1},"b":{}}
,"C:\\Users\\manuel.rodriguez_pra\\Documents\\Proyectos Node\\Assessment\\videogame-tournament-back\\src\\utils\\Constants.ts": {"path":"C:\\Users\\manuel.rodriguez_pra\\Documents\\Proyectos Node\\Assessment\\videogame-tournament-back\\src\\utils\\Constants.ts","statementMap":{"0":{"start":{"line":1,"column":13},"end":{"line":1,"column":72}},"1":{"start":{"line":3,"column":13},"end":{"line":7,"column":2}}},"fnMap":{},"branchMap":{"0":{"loc":{"start":{"line":1,"column":35},"end":{"line":1,"column":71}},"type":"binary-expr","locations":[{"start":{"line":1,"column":35},"end":{"line":1,"column":66}},{"start":{"line":1,"column":70},"end":{"line":1,"column":71}}]}},"s":{"0":2,"1":2},"f":{},"b":{"0":[2,2]}}
}
