TN:
SF:src\CreateTicketSale.ts
FN:6,(anonymous_0)
FNF:1
FNH:1
FNDA:2,(anonymous_0)
DA:2,1
DA:3,1
DA:6,1
DA:7,2
DA:8,2
DA:13,2
DA:14,2
DA:15,2
DA:17,2
DA:19,1
DA:24,1
DA:25,1
LF:12
LH:12
BRF:0
BRH:0
end_of_record
TN:
SF:src\CreateTournament.ts
FN:6,(anonymous_0)
FNF:1
FNH:1
FNDA:2,(anonymous_0)
DA:2,1
DA:3,1
DA:6,1
DA:7,2
DA:8,2
DA:9,2
DA:10,2
DA:11,2
DA:13,2
DA:15,1
DA:20,1
DA:21,1
LF:12
LH:12
BRF:0
BRH:0
end_of_record
TN:
SF:src\GenerateTournamentEntries.ts
FN:7,(anonymous_0)
FNF:1
FNH:1
FNDA:2,(anonymous_0)
DA:2,1
DA:3,1
DA:4,1
DA:7,1
DA:8,2
DA:9,2
DA:14,2
DA:15,2
DA:16,2
DA:17,2
DA:19,2
DA:21,1
DA:26,1
DA:27,1
LF:14
LH:14
BRF:0
BRH:0
end_of_record
TN:
SF:src\GetTournamentById.ts
FN:6,(anonymous_0)
FNF:1
FNH:1
FNDA:4,(anonymous_0)
DA:2,1
DA:3,1
DA:6,1
DA:7,4
DA:8,4
DA:13,4
DA:14,4
DA:15,1
DA:21,3
DA:22,3
DA:24,3
DA:25,2
DA:26,1
DA:32,1
DA:37,1
DA:38,1
LF:16
LH:16
BRDA:13,0,0,4
BRDA:13,0,1,0
BRDA:14,1,0,1
BRDA:25,2,0,1
BRF:4
BRH:3
end_of_record
TN:
SF:src\ValidateTournamentEntry.ts
FN:6,(anonymous_0)
FNF:1
FNH:1
FNDA:4,(anonymous_0)
DA:2,1
DA:3,1
DA:6,1
DA:7,4
DA:8,4
DA:13,4
DA:14,4
DA:15,1
DA:21,3
DA:22,3
DA:24,3
DA:26,2
DA:31,1
DA:32,1
LF:14
LH:14
BRDA:13,0,0,4
BRDA:13,0,1,0
BRDA:14,1,0,1
BRF:3
BRH:2
end_of_record
TN:
SF:src\application\useCases\CreateTicketSaleUseCase.ts
FN:6,(anonymous_0)
FN:8,(anonymous_1)
FN:25,(anonymous_2)
FNF:3
FNH:3
FNDA:3,(anonymous_0)
FNDA:3,(anonymous_1)
FNDA:3,(anonymous_2)
DA:1,2
DA:3,2
DA:5,2
DA:6,3
DA:9,3
DA:11,3
DA:22,3
DA:27,3
LF:8
LH:8
BRF:0
BRH:0
end_of_record
TN:
SF:src\application\useCases\CreateTournamentUseCase.ts
FN:6,(anonymous_0)
FN:8,(anonymous_1)
FNF:2
FNH:2
FNDA:3,(anonymous_0)
FNDA:3,(anonymous_1)
DA:1,2
DA:3,2
DA:5,2
DA:6,3
DA:9,3
DA:11,3
DA:12,3
DA:13,1
DA:15,2
DA:16,2
DA:17,2
DA:19,0
DA:32,0
LF:13
LH:11
BRDA:12,0,0,1
BRDA:16,1,0,2
BRF:2
BRH:2
end_of_record
TN:
SF:src\application\useCases\GenerateTournamentEntriesUseCase.ts
FN:20,(anonymous_0)
FN:24,(anonymous_1)
FN:45,(anonymous_2)
FN:50,(anonymous_3)
FNF:4
FNH:3
FNDA:1,(anonymous_0)
FNDA:1,(anonymous_1)
FNDA:2,(anonymous_2)
FNDA:0,(anonymous_3)
DA:2,2
DA:4,2
DA:19,2
DA:20,1
DA:21,1
DA:25,1
DA:26,1
DA:27,1
DA:28,1
DA:29,2
DA:30,2
DA:31,2
DA:39,2
DA:40,2
DA:47,2
DA:51,0
DA:68,0
LF:17
LH:15
BRF:0
BRH:0
end_of_record
TN:
SF:src\application\useCases\GetTournamentByIdUseCase.ts
FN:5,(anonymous_0)
FN:7,(anonymous_1)
FNF:2
FNH:2
FNDA:2,(anonymous_0)
FNDA:2,(anonymous_1)
DA:4,2
DA:5,2
DA:8,2
LF:3
LH:3
BRF:0
BRH:0
end_of_record
TN:
SF:src\application\useCases\ValidateTournamentEntryUseCase.ts
FN:5,(anonymous_0)
FN:7,(anonymous_1)
FNF:2
FNH:2
FNDA:3,(anonymous_0)
FNDA:3,(anonymous_1)
DA:4,2
DA:5,3
DA:8,3
DA:10,3
DA:11,2
DA:14,1
DA:15,1
LF:7
LH:7
BRDA:10,0,0,2
BRDA:10,1,0,3
BRDA:10,1,1,2
BRF:3
BRH:3
end_of_record
TN:
SF:src\domain\entities\TicketSale.ts
FN:2,(anonymous_0)
FNF:1
FNH:1
FNDA:3,(anonymous_0)
DA:1,2
DA:3,3
DA:4,3
DA:5,3
DA:6,3
DA:7,3
DA:8,3
DA:9,3
DA:10,3
LF:9
LH:9
BRF:0
BRH:0
end_of_record
TN:
SF:src\domain\entities\Tournament.ts
FN:2,(anonymous_0)
FNF:1
FNH:0
FNDA:0,(anonymous_0)
DA:1,2
DA:3,0
DA:4,0
DA:5,0
DA:6,0
DA:7,0
DA:8,0
DA:9,0
DA:10,0
DA:11,0
DA:12,0
LF:11
LH:1
BRF:0
BRH:0
end_of_record
TN:
SF:src\domain\entities\TournamentEntry.ts
FN:2,(anonymous_0)
FNF:1
FNH:1
FNDA:2,(anonymous_0)
DA:1,2
DA:3,2
DA:4,2
DA:5,2
DA:6,2
DA:7,2
DA:8,2
LF:7
LH:7
BRF:0
BRH:0
end_of_record
TN:
SF:src\infrastructure\repositories\TicketSaleRepositoryImpl.ts
FN:10,(anonymous_0)
FN:20,(anonymous_1)
FN:28,(anonymous_2)
FNF:3
FNH:3
FNDA:2,(anonymous_0)
FNDA:1,(anonymous_1)
FNDA:1,(anonymous_2)
DA:3,2
DA:4,2
DA:6,2
DA:11,2
DA:12,2
DA:13,0
DA:15,2
DA:16,2
DA:17,2
DA:21,1
DA:25,1
DA:29,1
DA:37,1
DA:38,1
LF:14
LH:13
BRDA:12,0,0,0
BRF:1
BRH:0
end_of_record
TN:
SF:src\infrastructure\repositories\TournamentEntryRepositoryImpl.ts
FN:9,(anonymous_0)
FN:19,(anonymous_1)
FN:28,(anonymous_2)
FN:38,(anonymous_3)
FNF:4
FNH:4
FNDA:3,(anonymous_0)
FNDA:1,(anonymous_1)
FNDA:1,(anonymous_2)
FNDA:1,(anonymous_3)
DA:3,3
DA:4,3
DA:6,3
DA:10,3
DA:11,3
DA:12,0
DA:14,3
DA:15,3
DA:16,3
DA:20,1
DA:24,1
DA:25,1
DA:29,1
DA:33,1
DA:34,1
DA:35,1
DA:39,1
DA:45,1
DA:46,1
LF:19
LH:18
BRDA:11,0,0,0
BRF:1
BRH:0
end_of_record
TN:
SF:src\infrastructure\repositories\TournamentRepositoryImpl.ts
FN:9,(anonymous_0)
FN:19,(anonymous_1)
FN:28,(anonymous_2)
FN:37,(anonymous_3)
FNF:4
FNH:4
FNDA:3,(anonymous_0)
FNDA:1,(anonymous_1)
FNDA:1,(anonymous_2)
FNDA:1,(anonymous_3)
DA:3,3
DA:4,3
DA:6,3
DA:10,3
DA:11,3
DA:12,0
DA:14,3
DA:15,3
DA:16,3
DA:20,1
DA:25,1
DA:29,1
DA:34,1
DA:35,1
DA:38,1
DA:45,1
DA:46,1
LF:17
LH:16
BRDA:11,0,0,0
BRF:1
BRH:0
end_of_record
TN:
SF:src\infrastructure\services\DynamoService.ts
FN:25,(anonymous_0)
FN:35,(anonymous_1)
FN:57,(anonymous_2)
FN:76,(anonymous_3)
FN:100,(anonymous_4)
FNF:5
FNH:5
FNDA:15,(anonymous_0)
FNDA:4,(anonymous_1)
FNDA:3,(anonymous_2)
FNDA:5,(anonymous_3)
FNDA:3,(anonymous_4)
DA:2,9
DA:19,9
DA:26,15
DA:37,4
DA:38,1
DA:40,3
DA:41,1
DA:43,2
DA:44,1
DA:47,1
DA:48,1
DA:59,3
DA:60,1
DA:62,2
DA:63,1
DA:66,1
DA:67,1
DA:77,5
DA:78,1
DA:80,4
DA:81,1
DA:83,3
DA:84,1
DA:86,2
DA:87,1
DA:90,1
DA:91,1
DA:102,3
DA:103,1
DA:105,2
DA:106,1
DA:109,1
DA:110,1
LF:33
LH:33
BRDA:37,0,0,1
BRDA:40,1,0,1
BRDA:43,2,0,1
BRDA:59,3,0,1
BRDA:62,4,0,1
BRDA:62,5,0,2
BRDA:62,5,1,1
BRDA:77,6,0,1
BRDA:80,7,0,1
BRDA:80,8,0,4
BRDA:80,8,1,3
BRDA:83,9,0,1
BRDA:86,10,0,1
BRDA:102,11,0,1
BRDA:105,12,0,1
BRDA:105,13,0,2
BRDA:105,13,1,1
BRF:17
BRH:17
end_of_record
TN:
SF:src\infrastructure\services\EmailService.ts
FN:7,(anonymous_0)
FN:11,(anonymous_1)
FNF:2
FNH:2
FNDA:1,(anonymous_0)
FNDA:1,(anonymous_1)
DA:2,2
DA:4,2
DA:8,1
DA:12,1
DA:13,1
LF:5
LH:5
BRF:0
BRH:0
end_of_record
TN:
SF:src\utils\Constants.ts
FNF:0
FNH:0
DA:1,2
DA:3,2
LF:2
LH:2
BRDA:1,0,0,2
BRDA:1,0,1,2
BRF:2
BRH:2
end_of_record
